<?xml version="1.0" encoding="UTF-8"?>
<testng-results skipped="0" failed="1" ignored="0" total="1" passed="0">
  <reporter-output>
  </reporter-output>
  <suite name="Default suite" duration-ms="76908" started-at="2019-02-10T04:33:34Z" finished-at="2019-02-10T04:34:51Z">
    <groups>
    </groups>
    <test name="Default test" duration-ms="76908" started-at="2019-02-10T04:33:34Z" finished-at="2019-02-10T04:34:51Z">
      <class name="demo.ScreenshotDemo">
        <test-method status="PASS" signature="openBrowser()[pri:0, instance:demo.ScreenshotDemo@d2cc05a]" name="openBrowser" is-config="true" duration-ms="32193" started-at="2019-02-10T04:33:34Z" finished-at="2019-02-10T04:34:06Z">
          <reporter-output>
          </reporter-output>
        </test-method> <!-- openBrowser -->
        <test-method status="FAIL" signature="ScreenshotTest()[pri:0, instance:demo.ScreenshotDemo@d2cc05a]" name="ScreenshotTest" duration-ms="41720" started-at="2019-02-10T04:34:06Z" finished-at="2019-02-10T04:34:48Z">
          <exception class="java.lang.Error">
            <message>
              <![CDATA[Unresolved compilation problem: 
The method copy(File, File) in the type FileHandler is not applicable for the arguments (File, String)
]]>
            </message>
            <full-stacktrace>
              <![CDATA[java.lang.Error: Unresolved compilation problem: 
The method copy(File, File) in the type FileHandler is not applicable for the arguments (File, String)

at demo.ScreenshotDemo.takeScreenshot(ScreenshotDemo.java:60)
at demo.ScreenshotDemo.ScreenshotTest(ScreenshotDemo.java:52)
at sun.reflect.NativeMethodAccessorImpl.invoke0(Native Method)
at sun.reflect.NativeMethodAccessorImpl.invoke(Unknown Source)
at sun.reflect.DelegatingMethodAccessorImpl.invoke(Unknown Source)
at java.lang.reflect.Method.invoke(Unknown Source)
at org.testng.internal.MethodInvocationHelper.invokeMethod(MethodInvocationHelper.java:124)
at org.testng.internal.Invoker.invokeMethod(Invoker.java:580)
at org.testng.internal.Invoker.invokeTestMethod(Invoker.java:716)
at org.testng.internal.Invoker.invokeTestMethods(Invoker.java:988)
at org.testng.internal.TestMethodWorker.invokeTestMethods(TestMethodWorker.java:125)
at org.testng.internal.TestMethodWorker.run(TestMethodWorker.java:109)
at org.testng.TestRunner.privateRun(TestRunner.java:648)
at org.testng.TestRunner.run(TestRunner.java:505)
at org.testng.SuiteRunner.runTest(SuiteRunner.java:455)
at org.testng.SuiteRunner.runSequentially(SuiteRunner.java:450)
at org.testng.SuiteRunner.privateRun(SuiteRunner.java:415)
at org.testng.SuiteRunner.run(SuiteRunner.java:364)
at org.testng.SuiteRunnerWorker.runSuite(SuiteRunnerWorker.java:52)
at org.testng.SuiteRunnerWorker.run(SuiteRunnerWorker.java:84)
at org.testng.TestNG.runSuitesSequentially(TestNG.java:1208)
at org.testng.TestNG.runSuitesLocally(TestNG.java:1137)
at org.testng.TestNG.runSuites(TestNG.java:1049)
at org.testng.TestNG.run(TestNG.java:1017)
at org.testng.remote.AbstractRemoteTestNG.run(AbstractRemoteTestNG.java:114)
at org.testng.remote.RemoteTestNG.initAndRun(RemoteTestNG.java:251)
at org.testng.remote.RemoteTestNG.main(RemoteTestNG.java:77)
]]>
            </full-stacktrace>
          </exception> <!-- java.lang.Error -->
          <reporter-output>
          </reporter-output>
        </test-method> <!-- ScreenshotTest -->
        <test-method status="PASS" signature="closeBrowser()[pri:0, instance:demo.ScreenshotDemo@d2cc05a]" name="closeBrowser" is-config="true" duration-ms="2880" started-at="2019-02-10T04:34:48Z" finished-at="2019-02-10T04:34:51Z">
          <reporter-output>
          </reporter-output>
        </test-method> <!-- closeBrowser -->
      </class> <!-- demo.ScreenshotDemo -->
    </test> <!-- Default test -->
  </suite> <!-- Default suite -->
</testng-results>
