<?xml version="1.0" encoding="UTF-8"?>
<testng-results skipped="0" failed="0" ignored="0" total="1" passed="1">
  <reporter-output>
  </reporter-output>
  <suite name="Default suite" duration-ms="5309" started-at="2019-05-22T05:01:06Z" finished-at="2019-05-22T05:01:11Z">
    <groups>
    </groups>
    <test name="Default test" duration-ms="5309" started-at="2019-05-22T05:01:06Z" finished-at="2019-05-22T05:01:11Z">
      <class name="com.qa.test.GetAPITest">
        <test-method status="PASS" signature="setUp()[pri:0, instance:com.qa.test.GetAPITest@4520ebad]" name="setUp" is-config="true" duration-ms="33" started-at="2019-05-22T05:01:06Z" finished-at="2019-05-22T05:01:06Z">
          <reporter-output>
          </reporter-output>
        </test-method> <!-- setUp -->
        <test-method status="PASS" signature="getAPITest()[pri:0, instance:com.qa.test.GetAPITest@4520ebad]" name="getAPITest" duration-ms="5106" started-at="2019-05-22T05:01:06Z" finished-at="2019-05-22T05:01:11Z">
          <reporter-output>
          </reporter-output>
        </test-method> <!-- getAPITest -->
      </class> <!-- com.qa.test.GetAPITest -->
    </test> <!-- Default test -->
  </suite> <!-- Default suite -->
</testng-results>
