<?xml version="1.0" encoding="UTF-8"?>
<!-- Generated by org.testng.reporters.JUnitXMLReporter -->
<testsuite hostname="Sadeklaptop" ignored="0" name="Test" tests="3" failures="0" timestamp="11 Feb 2019 06:12:03 GMT" time="57.224" errors="0">
  <testcase name="bookATicket" time="12.625" classname="com.demoaut.newtours.Testscripts.TicketBookingTest"/>
  <testcase name="validateUser" time="6.161" classname="com.demoaut.newtours.Testscripts.UserValidationTest"/>
  <testcase name="validateUser" time="2.871" classname="com.demoaut.newtours.Testscripts.InvalidCredentialTest"/>
</testsuite> <!-- Test -->
