<?xml version="1.0" encoding="UTF-8"?>
<!-- Generated by org.testng.reporters.JUnitXMLReporter -->
<testsuite hostname="Sadeklaptop" ignored="0" name="Chrome Test" tests="4" failures="0" timestamp="09 Feb 2019 07:35:23 GMT" time="96.278" errors="0">
  <testcase name="@BeforeTest openBrowser" time="0.066" classname="demo.CBT">
    <failure type="java.lang.NullPointerException">
      <![CDATA[java.lang.NullPointerException
at demo.CBT.openBrowser(CBT.java:49)
at java.util.concurrent.FutureTask.run(Unknown Source)
at java.util.concurrent.ThreadPoolExecutor.runWorker(Unknown Source)
at java.util.concurrent.ThreadPoolExecutor$Worker.run(Unknown Source)
at java.lang.Thread.run(Unknown Source)
... Removed 15 stack frames]]>
    </failure>
  </testcase> <!-- @BeforeTest openBrowser -->
  <testcase name="@AfterTest closeBrowser" time="0.0" classname="demo.CBT">
    <skipped/>
  </testcase> <!-- @AfterTest closeBrowser -->
  <testcase name="verifyTitle" time="0.883" classname="demo.CBT"/>
  <testcase name="verifyText" time="1.99" classname="demo.CBT"/>
  <testcase name="verifySignInBtnVisibility" time="1.579" classname="demo.CBT"/>
  <testcase name="searchBtnDisabled" time="1.984" classname="demo.CBT"/>
</testsuite> <!-- Chrome Test -->
