<?xml version="1.0" encoding="UTF-8"?>
<!-- Generated by org.testng.reporters.JUnitXMLReporter -->
<testsuite hostname="Sadeklaptop" ignored="0" name="Edge Test" tests="4" failures="0" timestamp="09 Feb 2019 07:34:13 GMT" time="26.099" errors="0">
  <testcase name="verifyTitle" time="0.307" classname="demo.CBT"/>
  <testcase name="verifyText" time="0.483" classname="demo.CBT"/>
  <testcase name="verifySignInBtnVisibility" time="0.445" classname="demo.CBT"/>
  <testcase name="searchBtnDisabled" time="0.425" classname="demo.CBT"/>
</testsuite> <!-- Edge Test -->
