<?xml version="1.0" encoding="UTF-8"?>
<!-- Generated by org.testng.reporters.JUnitXMLReporter -->
<testsuite hostname="Sadeklaptop" ignored="2" name="EdgeTest" tests="2" failures="0" timestamp="09 Feb 2019 07:08:50 GMT" time="0.081" errors="0">
  <testcase name="@BeforeTest openBrowser" time="0.0" classname="demo.CBT">
    <failure type="org.testng.TestNGException" message="
Can inject only one of &amp;lt;ITestContext, XmlTest&amp;gt; into a @BeforeTest annotated openBrowser.
For more information on native dependency injection please refer to http://testng.org/doc/documentation-main.html#native-dependency-injection">
      <![CDATA[org.testng.TestNGException: 
Can inject only one of <ITestContext, XmlTest> into a @BeforeTest annotated openBrowser.
For more information on native dependency injection please refer to http://testng.org/doc/documentation-main.html#native-dependency-injection
... Removed 21 stack frames]]>
    </failure>
  </testcase> <!-- @BeforeTest openBrowser -->
  <testcase name="@AfterTest closeBrowser" time="0.0" classname="demo.CBT">
    <skipped/>
  </testcase> <!-- @AfterTest closeBrowser -->
  <testcase name="verifySignInBtnVisibility" time="0.0" classname="demo.CBT">
    <skipped/>
  </testcase> <!-- verifySignInBtnVisibility -->
  <testcase name="searchBtnDisabled" time="0.0" classname="demo.CBT">
    <skipped/>
  </testcase> <!-- searchBtnDisabled -->
  <testcase name="verifyTitle" time="0.0" classname="demo.CBT">
    <ignored/>
  </testcase> <!-- verifyTitle -->
  <testcase name="verifyText" time="0.0" classname="demo.CBT">
    <ignored/>
  </testcase> <!-- verifyText -->
</testsuite> <!-- EdgeTest -->
