<?xml version="1.0" encoding="UTF-8"?>
<!-- Generated by org.testng.reporters.JUnitXMLReporter -->
<testsuite hostname="Sadeklaptop" ignored="0" name="IE Test" tests="4" failures="0" timestamp="09 Feb 2019 07:33:48 GMT" time="0.6" errors="0">
  <testcase name="@BeforeTest openBrowser" time="0.066" classname="demo.CBT">
    <failure type="java.lang.NullPointerException">
      <![CDATA[java.lang.NullPointerException
at demo.CBT.openBrowser(CBT.java:49)
at java.util.concurrent.FutureTask.run(Unknown Source)
at java.util.concurrent.ThreadPoolExecutor.runWorker(Unknown Source)
at java.util.concurrent.ThreadPoolExecutor$Worker.run(Unknown Source)
at java.lang.Thread.run(Unknown Source)
... Removed 15 stack frames]]>
    </failure>
  </testcase> <!-- @BeforeTest openBrowser -->
  <testcase name="@AfterTest closeBrowser" time="0.0" classname="demo.CBT">
    <skipped/>
  </testcase> <!-- @AfterTest closeBrowser -->
  <testcase name="verifyTitle" time="0.0" classname="demo.CBT">
    <skipped/>
  </testcase> <!-- verifyTitle -->
  <testcase name="verifyText" time="0.0" classname="demo.CBT">
    <skipped/>
  </testcase> <!-- verifyText -->
  <testcase name="verifySignInBtnVisibility" time="0.0" classname="demo.CBT">
    <skipped/>
  </testcase> <!-- verifySignInBtnVisibility -->
  <testcase name="searchBtnDisabled" time="0.0" classname="demo.CBT">
    <skipped/>
  </testcase> <!-- searchBtnDisabled -->
</testsuite> <!-- IE Test -->
